<?xml version="1.0" encoding="UTF-8"?>
<testsuite xmlns:xsi="http://www.w3.org/2001/XMLSchema-instance" xsi:noNamespaceSchemaLocation="https://maven.apache.org/surefire/maven-surefire-plugin/xsd/surefire-test-report.xsd" name="com.example.demo1.Demo1ApplicationTests" time="3.332" tests="1" errors="1" skipped="0" failures="0">
  <properties>
    <property name="sun.desktop" value="windows"/>
    <property name="awt.toolkit" value="sun.awt.windows.WToolkit"/>
    <property name="file.encoding.pkg" value="sun.io"/>
    <property name="java.specification.version" value="1.8"/>
    <property name="sun.cpu.isalist" value="amd64"/>
    <property name="sun.jnu.encoding" value="GBK"/>
    <property name="java.class.path" value="D:\Users\14798\Documents\JetBrains\WorkSpace\LearnProject\Demo1\target\test-classes;D:\Users\14798\Documents\JetBrains\WorkSpace\LearnProject\Demo1\target\classes;C:\Users\14798\.m2\repository\org\springframework\boot\spring-boot-starter\2.6.6\spring-boot-starter-2.6.6.jar;C:\Users\14798\.m2\repository\org\springframework\boot\spring-boot\2.6.6\spring-boot-2.6.6.jar;C:\Users\14798\.m2\repository\org\springframework\spring-context\5.3.18\spring-context-5.3.18.jar;C:\Users\14798\.m2\repository\org\springframework\boot\spring-boot-autoconfigure\2.6.6\spring-boot-autoconfigure-2.6.6.jar;C:\Users\14798\.m2\repository\org\springframework\boot\spring-boot-starter-logging\2.6.6\spring-boot-starter-logging-2.6.6.jar;C:\Users\14798\.m2\repository\ch\qos\logback\logback-classic\1.2.11\logback-classic-1.2.11.jar;C:\Users\14798\.m2\repository\ch\qos\logback\logback-core\1.2.11\logback-core-1.2.11.jar;C:\Users\14798\.m2\repository\org\apache\logging\log4j\log4j-to-slf4j\2.17.2\log4j-to-slf4j-2.17.2.jar;C:\Users\14798\.m2\repository\org\apache\logging\log4j\log4j-api\2.17.2\log4j-api-2.17.2.jar;C:\Users\14798\.m2\repository\org\slf4j\jul-to-slf4j\1.7.36\jul-to-slf4j-1.7.36.jar;C:\Users\14798\.m2\repository\jakarta\annotation\jakarta.annotation-api\1.3.5\jakarta.annotation-api-1.3.5.jar;C:\Users\14798\.m2\repository\org\springframework\spring-core\5.3.18\spring-core-5.3.18.jar;C:\Users\14798\.m2\repository\org\springframework\spring-jcl\5.3.18\spring-jcl-5.3.18.jar;C:\Users\14798\.m2\repository\org\yaml\snakeyaml\1.29\snakeyaml-1.29.jar;C:\Users\14798\.m2\repository\org\springframework\boot\spring-boot-configuration-processor\2.6.6\spring-boot-configuration-processor-2.6.6.jar;C:\Users\14798\.m2\repository\org\springframework\boot\spring-boot-starter-web\2.6.6\spring-boot-starter-web-2.6.6.jar;C:\Users\14798\.m2\repository\org\springframework\boot\spring-boot-starter-json\2.6.6\spring-boot-starter-json-2.6.6.jar;C:\Users\14798\.m2\repository\com\fasterxml\jackson\core\jackson-databind\2.13.2.2\jackson-databind-2.13.2.2.jar;C:\Users\14798\.m2\repository\com\fasterxml\jackson\core\jackson-annotations\2.13.2\jackson-annotations-2.13.2.jar;C:\Users\14798\.m2\repository\com\fasterxml\jackson\core\jackson-core\2.13.2\jackson-core-2.13.2.jar;C:\Users\14798\.m2\repository\com\fasterxml\jackson\datatype\jackson-datatype-jdk8\2.13.2\jackson-datatype-jdk8-2.13.2.jar;C:\Users\14798\.m2\repository\com\fasterxml\jackson\datatype\jackson-datatype-jsr310\2.13.2\jackson-datatype-jsr310-2.13.2.jar;C:\Users\14798\.m2\repository\com\fasterxml\jackson\module\jackson-module-parameter-names\2.13.2\jackson-module-parameter-names-2.13.2.jar;C:\Users\14798\.m2\repository\org\springframework\boot\spring-boot-starter-tomcat\2.6.6\spring-boot-starter-tomcat-2.6.6.jar;C:\Users\14798\.m2\repository\org\apache\tomcat\embed\tomcat-embed-core\9.0.60\tomcat-embed-core-9.0.60.jar;C:\Users\14798\.m2\repository\org\apache\tomcat\embed\tomcat-embed-el\9.0.60\tomcat-embed-el-9.0.60.jar;C:\Users\14798\.m2\repository\org\apache\tomcat\embed\tomcat-embed-websocket\9.0.60\tomcat-embed-websocket-9.0.60.jar;C:\Users\14798\.m2\repository\org\springframework\spring-web\5.3.18\spring-web-5.3.18.jar;C:\Users\14798\.m2\repository\org\springframework\spring-beans\5.3.18\spring-beans-5.3.18.jar;C:\Users\14798\.m2\repository\org\springframework\spring-webmvc\5.3.18\spring-webmvc-5.3.18.jar;C:\Users\14798\.m2\repository\org\springframework\spring-aop\5.3.18\spring-aop-5.3.18.jar;C:\Users\14798\.m2\repository\org\springframework\spring-expression\5.3.18\spring-expression-5.3.18.jar;C:\Users\14798\.m2\repository\org\projectlombok\lombok\1.18.22\lombok-1.18.22.jar;C:\Users\14798\.m2\repository\org\springframework\boot\spring-boot-starter-test\2.6.6\spring-boot-starter-test-2.6.6.jar;C:\Users\14798\.m2\repository\org\springframework\boot\spring-boot-test\2.6.6\spring-boot-test-2.6.6.jar;C:\Users\14798\.m2\repository\org\springframework\boot\spring-boot-test-autoconfigure\2.6.6\spring-boot-test-autoconfigure-2.6.6.jar;C:\Users\14798\.m2\repository\com\jayway\jsonpath\json-path\2.6.0\json-path-2.6.0.jar;C:\Users\14798\.m2\repository\net\minidev\json-smart\2.4.8\json-smart-2.4.8.jar;C:\Users\14798\.m2\repository\net\minidev\accessors-smart\2.4.8\accessors-smart-2.4.8.jar;C:\Users\14798\.m2\repository\org\ow2\asm\asm\9.1\asm-9.1.jar;C:\Users\14798\.m2\repository\org\slf4j\slf4j-api\1.7.36\slf4j-api-1.7.36.jar;C:\Users\14798\.m2\repository\jakarta\xml\bind\jakarta.xml.bind-api\2.3.3\jakarta.xml.bind-api-2.3.3.jar;C:\Users\14798\.m2\repository\jakarta\activation\jakarta.activation-api\1.2.2\jakarta.activation-api-1.2.2.jar;C:\Users\14798\.m2\repository\org\assertj\assertj-core\3.21.0\assertj-core-3.21.0.jar;C:\Users\14798\.m2\repository\org\hamcrest\hamcrest\2.2\hamcrest-2.2.jar;C:\Users\14798\.m2\repository\org\junit\jupiter\junit-jupiter\5.8.2\junit-jupiter-5.8.2.jar;C:\Users\14798\.m2\repository\org\junit\jupiter\junit-jupiter-api\5.8.2\junit-jupiter-api-5.8.2.jar;C:\Users\14798\.m2\repository\org\opentest4j\opentest4j\1.2.0\opentest4j-1.2.0.jar;C:\Users\14798\.m2\repository\org\junit\jupiter\junit-jupiter-params\5.8.2\junit-jupiter-params-5.8.2.jar;C:\Users\14798\.m2\repository\org\junit\jupiter\junit-jupiter-engine\5.8.2\junit-jupiter-engine-5.8.2.jar;C:\Users\14798\.m2\repository\org\junit\platform\junit-platform-engine\1.8.2\junit-platform-engine-1.8.2.jar;C:\Users\14798\.m2\repository\org\mockito\mockito-core\4.0.0\mockito-core-4.0.0.jar;C:\Users\14798\.m2\repository\net\bytebuddy\byte-buddy\1.11.22\byte-buddy-1.11.22.jar;C:\Users\14798\.m2\repository\net\bytebuddy\byte-buddy-agent\1.11.22\byte-buddy-agent-1.11.22.jar;C:\Users\14798\.m2\repository\org\objenesis\objenesis\3.2\objenesis-3.2.jar;C:\Users\14798\.m2\repository\org\mockito\mockito-junit-jupiter\4.0.0\mockito-junit-jupiter-4.0.0.jar;C:\Users\14798\.m2\repository\org\skyscreamer\jsonassert\1.5.0\jsonassert-1.5.0.jar;C:\Users\14798\.m2\repository\com\vaadin\external\google\android-json\0.0.20131108.vaadin1\android-json-0.0.20131108.vaadin1.jar;C:\Users\14798\.m2\repository\org\springframework\spring-test\5.3.18\spring-test-5.3.18.jar;C:\Users\14798\.m2\repository\org\xmlunit\xmlunit-core\2.8.4\xmlunit-core-2.8.4.jar;C:\Users\14798\.m2\repository\org\springframework\boot\spring-boot-starter-cache\2.6.6\spring-boot-starter-cache-2.6.6.jar;C:\Users\14798\.m2\repository\org\springframework\spring-context-support\5.3.18\spring-context-support-5.3.18.jar;C:\Users\14798\.m2\repository\com\github\ben-manes\caffeine\caffeine\2.9.3\caffeine-2.9.3.jar;C:\Users\14798\.m2\repository\org\checkerframework\checker-qual\3.19.0\checker-qual-3.19.0.jar;C:\Users\14798\.m2\repository\com\google\errorprone\error_prone_annotations\2.10.0\error_prone_annotations-2.10.0.jar;C:\Users\14798\.m2\repository\org\springframework\boot\spring-boot-starter-webflux\2.6.6\spring-boot-starter-webflux-2.6.6.jar;C:\Users\14798\.m2\repository\org\springframework\boot\spring-boot-starter-reactor-netty\2.6.6\spring-boot-starter-reactor-netty-2.6.6.jar;C:\Users\14798\.m2\repository\io\projectreactor\netty\reactor-netty-http\1.0.17\reactor-netty-http-1.0.17.jar;C:\Users\14798\.m2\repository\io\netty\netty-codec-http\4.1.75.Final\netty-codec-http-4.1.75.Final.jar;C:\Users\14798\.m2\repository\io\netty\netty-common\4.1.75.Final\netty-common-4.1.75.Final.jar;C:\Users\14798\.m2\repository\io\netty\netty-buffer\4.1.75.Final\netty-buffer-4.1.75.Final.jar;C:\Users\14798\.m2\repository\io\netty\netty-transport\4.1.75.Final\netty-transport-4.1.75.Final.jar;C:\Users\14798\.m2\repository\io\netty\netty-codec\4.1.75.Final\netty-codec-4.1.75.Final.jar;C:\Users\14798\.m2\repository\io\netty\netty-handler\4.1.75.Final\netty-handler-4.1.75.Final.jar;C:\Users\14798\.m2\repository\io\netty\netty-codec-http2\4.1.75.Final\netty-codec-http2-4.1.75.Final.jar;C:\Users\14798\.m2\repository\io\netty\netty-resolver-dns\4.1.75.Final\netty-resolver-dns-4.1.75.Final.jar;C:\Users\14798\.m2\repository\io\netty\netty-resolver\4.1.75.Final\netty-resolver-4.1.75.Final.jar;C:\Users\14798\.m2\repository\io\netty\netty-codec-dns\4.1.75.Final\netty-codec-dns-4.1.75.Final.jar;C:\Users\14798\.m2\repository\io\netty\netty-resolver-dns-native-macos\4.1.75.Final\netty-resolver-dns-native-macos-4.1.75.Final-osx-x86_64.jar;C:\Users\14798\.m2\repository\io\netty\netty-resolver-dns-classes-macos\4.1.75.Final\netty-resolver-dns-classes-macos-4.1.75.Final.jar;C:\Users\14798\.m2\repository\io\netty\netty-transport-native-epoll\4.1.75.Final\netty-transport-native-epoll-4.1.75.Final-linux-x86_64.jar;C:\Users\14798\.m2\repository\io\netty\netty-transport-native-unix-common\4.1.75.Final\netty-transport-native-unix-common-4.1.75.Final.jar;C:\Users\14798\.m2\repository\io\netty\netty-transport-classes-epoll\4.1.75.Final\netty-transport-classes-epoll-4.1.75.Final.jar;C:\Users\14798\.m2\repository\io\projectreactor\netty\reactor-netty-core\1.0.17\reactor-netty-core-1.0.17.jar;C:\Users\14798\.m2\repository\io\netty\netty-handler-proxy\4.1.75.Final\netty-handler-proxy-4.1.75.Final.jar;C:\Users\14798\.m2\repository\io\netty\netty-codec-socks\4.1.75.Final\netty-codec-socks-4.1.75.Final.jar;C:\Users\14798\.m2\repository\org\springframework\spring-webflux\5.3.18\spring-webflux-5.3.18.jar;C:\Users\14798\.m2\repository\io\projectreactor\reactor-core\3.4.16\reactor-core-3.4.16.jar;C:\Users\14798\.m2\repository\org\reactivestreams\reactive-streams\1.0.3\reactive-streams-1.0.3.jar;C:\Users\14798\.m2\repository\org\junit\platform\junit-platform-commons\1.8.2\junit-platform-commons-1.8.2.jar;C:\Users\14798\.m2\repository\org\apiguardian\apiguardian-api\1.1.2\apiguardian-api-1.1.2.jar;"/>
    <property name="java.vm.vendor" value="Oracle Corporation"/>
    <property name="sun.arch.data.model" value="64"/>
    <property name="user.variant" value=""/>
    <property name="java.vendor.url" value="http://java.oracle.com/"/>
    <property name="user.timezone" value="Asia/Shanghai"/>
    <property name="java.vm.specification.version" value="1.8"/>
    <property name="os.name" value="Windows 11"/>
    <property name="user.country" value="CN"/>
    <property name="sun.java.launcher" value="SUN_STANDARD"/>
    <property name="sun.boot.library.path" value="D:\Program Files\Java\jdk-1.8\jre\bin"/>
    <property name="sun.java.command" value="C:\Users\14798\AppData\Local\Temp\surefire4361100211669865910\surefirebooter2199030007642137386.jar C:\Users\14798\AppData\Local\Temp\surefire4361100211669865910 2024-03-09T16-02-49_358-jvmRun1 surefire1356581892335309612tmp surefire_06253119536195649692tmp"/>
    <property name="surefire.test.class.path" value="D:\Users\14798\Documents\JetBrains\WorkSpace\LearnProject\Demo1\target\test-classes;D:\Users\14798\Documents\JetBrains\WorkSpace\LearnProject\Demo1\target\classes;C:\Users\14798\.m2\repository\org\springframework\boot\spring-boot-starter\2.6.6\spring-boot-starter-2.6.6.jar;C:\Users\14798\.m2\repository\org\springframework\boot\spring-boot\2.6.6\spring-boot-2.6.6.jar;C:\Users\14798\.m2\repository\org\springframework\spring-context\5.3.18\spring-context-5.3.18.jar;C:\Users\14798\.m2\repository\org\springframework\boot\spring-boot-autoconfigure\2.6.6\spring-boot-autoconfigure-2.6.6.jar;C:\Users\14798\.m2\repository\org\springframework\boot\spring-boot-starter-logging\2.6.6\spring-boot-starter-logging-2.6.6.jar;C:\Users\14798\.m2\repository\ch\qos\logback\logback-classic\1.2.11\logback-classic-1.2.11.jar;C:\Users\14798\.m2\repository\ch\qos\logback\logback-core\1.2.11\logback-core-1.2.11.jar;C:\Users\14798\.m2\repository\org\apache\logging\log4j\log4j-to-slf4j\2.17.2\log4j-to-slf4j-2.17.2.jar;C:\Users\14798\.m2\repository\org\apache\logging\log4j\log4j-api\2.17.2\log4j-api-2.17.2.jar;C:\Users\14798\.m2\repository\org\slf4j\jul-to-slf4j\1.7.36\jul-to-slf4j-1.7.36.jar;C:\Users\14798\.m2\repository\jakarta\annotation\jakarta.annotation-api\1.3.5\jakarta.annotation-api-1.3.5.jar;C:\Users\14798\.m2\repository\org\springframework\spring-core\5.3.18\spring-core-5.3.18.jar;C:\Users\14798\.m2\repository\org\springframework\spring-jcl\5.3.18\spring-jcl-5.3.18.jar;C:\Users\14798\.m2\repository\org\yaml\snakeyaml\1.29\snakeyaml-1.29.jar;C:\Users\14798\.m2\repository\org\springframework\boot\spring-boot-configuration-processor\2.6.6\spring-boot-configuration-processor-2.6.6.jar;C:\Users\14798\.m2\repository\org\springframework\boot\spring-boot-starter-web\2.6.6\spring-boot-starter-web-2.6.6.jar;C:\Users\14798\.m2\repository\org\springframework\boot\spring-boot-starter-json\2.6.6\spring-boot-starter-json-2.6.6.jar;C:\Users\14798\.m2\repository\com\fasterxml\jackson\core\jackson-databind\2.13.2.2\jackson-databind-2.13.2.2.jar;C:\Users\14798\.m2\repository\com\fasterxml\jackson\core\jackson-annotations\2.13.2\jackson-annotations-2.13.2.jar;C:\Users\14798\.m2\repository\com\fasterxml\jackson\core\jackson-core\2.13.2\jackson-core-2.13.2.jar;C:\Users\14798\.m2\repository\com\fasterxml\jackson\datatype\jackson-datatype-jdk8\2.13.2\jackson-datatype-jdk8-2.13.2.jar;C:\Users\14798\.m2\repository\com\fasterxml\jackson\datatype\jackson-datatype-jsr310\2.13.2\jackson-datatype-jsr310-2.13.2.jar;C:\Users\14798\.m2\repository\com\fasterxml\jackson\module\jackson-module-parameter-names\2.13.2\jackson-module-parameter-names-2.13.2.jar;C:\Users\14798\.m2\repository\org\springframework\boot\spring-boot-starter-tomcat\2.6.6\spring-boot-starter-tomcat-2.6.6.jar;C:\Users\14798\.m2\repository\org\apache\tomcat\embed\tomcat-embed-core\9.0.60\tomcat-embed-core-9.0.60.jar;C:\Users\14798\.m2\repository\org\apache\tomcat\embed\tomcat-embed-el\9.0.60\tomcat-embed-el-9.0.60.jar;C:\Users\14798\.m2\repository\org\apache\tomcat\embed\tomcat-embed-websocket\9.0.60\tomcat-embed-websocket-9.0.60.jar;C:\Users\14798\.m2\repository\org\springframework\spring-web\5.3.18\spring-web-5.3.18.jar;C:\Users\14798\.m2\repository\org\springframework\spring-beans\5.3.18\spring-beans-5.3.18.jar;C:\Users\14798\.m2\repository\org\springframework\spring-webmvc\5.3.18\spring-webmvc-5.3.18.jar;C:\Users\14798\.m2\repository\org\springframework\spring-aop\5.3.18\spring-aop-5.3.18.jar;C:\Users\14798\.m2\repository\org\springframework\spring-expression\5.3.18\spring-expression-5.3.18.jar;C:\Users\14798\.m2\repository\org\projectlombok\lombok\1.18.22\lombok-1.18.22.jar;C:\Users\14798\.m2\repository\org\springframework\boot\spring-boot-starter-test\2.6.6\spring-boot-starter-test-2.6.6.jar;C:\Users\14798\.m2\repository\org\springframework\boot\spring-boot-test\2.6.6\spring-boot-test-2.6.6.jar;C:\Users\14798\.m2\repository\org\springframework\boot\spring-boot-test-autoconfigure\2.6.6\spring-boot-test-autoconfigure-2.6.6.jar;C:\Users\14798\.m2\repository\com\jayway\jsonpath\json-path\2.6.0\json-path-2.6.0.jar;C:\Users\14798\.m2\repository\net\minidev\json-smart\2.4.8\json-smart-2.4.8.jar;C:\Users\14798\.m2\repository\net\minidev\accessors-smart\2.4.8\accessors-smart-2.4.8.jar;C:\Users\14798\.m2\repository\org\ow2\asm\asm\9.1\asm-9.1.jar;C:\Users\14798\.m2\repository\org\slf4j\slf4j-api\1.7.36\slf4j-api-1.7.36.jar;C:\Users\14798\.m2\repository\jakarta\xml\bind\jakarta.xml.bind-api\2.3.3\jakarta.xml.bind-api-2.3.3.jar;C:\Users\14798\.m2\repository\jakarta\activation\jakarta.activation-api\1.2.2\jakarta.activation-api-1.2.2.jar;C:\Users\14798\.m2\repository\org\assertj\assertj-core\3.21.0\assertj-core-3.21.0.jar;C:\Users\14798\.m2\repository\org\hamcrest\hamcrest\2.2\hamcrest-2.2.jar;C:\Users\14798\.m2\repository\org\junit\jupiter\junit-jupiter\5.8.2\junit-jupiter-5.8.2.jar;C:\Users\14798\.m2\repository\org\junit\jupiter\junit-jupiter-api\5.8.2\junit-jupiter-api-5.8.2.jar;C:\Users\14798\.m2\repository\org\opentest4j\opentest4j\1.2.0\opentest4j-1.2.0.jar;C:\Users\14798\.m2\repository\org\junit\jupiter\junit-jupiter-params\5.8.2\junit-jupiter-params-5.8.2.jar;C:\Users\14798\.m2\repository\org\junit\jupiter\junit-jupiter-engine\5.8.2\junit-jupiter-engine-5.8.2.jar;C:\Users\14798\.m2\repository\org\junit\platform\junit-platform-engine\1.8.2\junit-platform-engine-1.8.2.jar;C:\Users\14798\.m2\repository\org\mockito\mockito-core\4.0.0\mockito-core-4.0.0.jar;C:\Users\14798\.m2\repository\net\bytebuddy\byte-buddy\1.11.22\byte-buddy-1.11.22.jar;C:\Users\14798\.m2\repository\net\bytebuddy\byte-buddy-agent\1.11.22\byte-buddy-agent-1.11.22.jar;C:\Users\14798\.m2\repository\org\objenesis\objenesis\3.2\objenesis-3.2.jar;C:\Users\14798\.m2\repository\org\mockito\mockito-junit-jupiter\4.0.0\mockito-junit-jupiter-4.0.0.jar;C:\Users\14798\.m2\repository\org\skyscreamer\jsonassert\1.5.0\jsonassert-1.5.0.jar;C:\Users\14798\.m2\repository\com\vaadin\external\google\android-json\0.0.20131108.vaadin1\android-json-0.0.20131108.vaadin1.jar;C:\Users\14798\.m2\repository\org\springframework\spring-test\5.3.18\spring-test-5.3.18.jar;C:\Users\14798\.m2\repository\org\xmlunit\xmlunit-core\2.8.4\xmlunit-core-2.8.4.jar;C:\Users\14798\.m2\repository\org\springframework\boot\spring-boot-starter-cache\2.6.6\spring-boot-starter-cache-2.6.6.jar;C:\Users\14798\.m2\repository\org\springframework\spring-context-support\5.3.18\spring-context-support-5.3.18.jar;C:\Users\14798\.m2\repository\com\github\ben-manes\caffeine\caffeine\2.9.3\caffeine-2.9.3.jar;C:\Users\14798\.m2\repository\org\checkerframework\checker-qual\3.19.0\checker-qual-3.19.0.jar;C:\Users\14798\.m2\repository\com\google\errorprone\error_prone_annotations\2.10.0\error_prone_annotations-2.10.0.jar;C:\Users\14798\.m2\repository\org\springframework\boot\spring-boot-starter-webflux\2.6.6\spring-boot-starter-webflux-2.6.6.jar;C:\Users\14798\.m2\repository\org\springframework\boot\spring-boot-starter-reactor-netty\2.6.6\spring-boot-starter-reactor-netty-2.6.6.jar;C:\Users\14798\.m2\repository\io\projectreactor\netty\reactor-netty-http\1.0.17\reactor-netty-http-1.0.17.jar;C:\Users\14798\.m2\repository\io\netty\netty-codec-http\4.1.75.Final\netty-codec-http-4.1.75.Final.jar;C:\Users\14798\.m2\repository\io\netty\netty-common\4.1.75.Final\netty-common-4.1.75.Final.jar;C:\Users\14798\.m2\repository\io\netty\netty-buffer\4.1.75.Final\netty-buffer-4.1.75.Final.jar;C:\Users\14798\.m2\repository\io\netty\netty-transport\4.1.75.Final\netty-transport-4.1.75.Final.jar;C:\Users\14798\.m2\repository\io\netty\netty-codec\4.1.75.Final\netty-codec-4.1.75.Final.jar;C:\Users\14798\.m2\repository\io\netty\netty-handler\4.1.75.Final\netty-handler-4.1.75.Final.jar;C:\Users\14798\.m2\repository\io\netty\netty-codec-http2\4.1.75.Final\netty-codec-http2-4.1.75.Final.jar;C:\Users\14798\.m2\repository\io\netty\netty-resolver-dns\4.1.75.Final\netty-resolver-dns-4.1.75.Final.jar;C:\Users\14798\.m2\repository\io\netty\netty-resolver\4.1.75.Final\netty-resolver-4.1.75.Final.jar;C:\Users\14798\.m2\repository\io\netty\netty-codec-dns\4.1.75.Final\netty-codec-dns-4.1.75.Final.jar;C:\Users\14798\.m2\repository\io\netty\netty-resolver-dns-native-macos\4.1.75.Final\netty-resolver-dns-native-macos-4.1.75.Final-osx-x86_64.jar;C:\Users\14798\.m2\repository\io\netty\netty-resolver-dns-classes-macos\4.1.75.Final\netty-resolver-dns-classes-macos-4.1.75.Final.jar;C:\Users\14798\.m2\repository\io\netty\netty-transport-native-epoll\4.1.75.Final\netty-transport-native-epoll-4.1.75.Final-linux-x86_64.jar;C:\Users\14798\.m2\repository\io\netty\netty-transport-native-unix-common\4.1.75.Final\netty-transport-native-unix-common-4.1.75.Final.jar;C:\Users\14798\.m2\repository\io\netty\netty-transport-classes-epoll\4.1.75.Final\netty-transport-classes-epoll-4.1.75.Final.jar;C:\Users\14798\.m2\repository\io\projectreactor\netty\reactor-netty-core\1.0.17\reactor-netty-core-1.0.17.jar;C:\Users\14798\.m2\repository\io\netty\netty-handler-proxy\4.1.75.Final\netty-handler-proxy-4.1.75.Final.jar;C:\Users\14798\.m2\repository\io\netty\netty-codec-socks\4.1.75.Final\netty-codec-socks-4.1.75.Final.jar;C:\Users\14798\.m2\repository\org\springframework\spring-webflux\5.3.18\spring-webflux-5.3.18.jar;C:\Users\14798\.m2\repository\io\projectreactor\reactor-core\3.4.16\reactor-core-3.4.16.jar;C:\Users\14798\.m2\repository\org\reactivestreams\reactive-streams\1.0.3\reactive-streams-1.0.3.jar;C:\Users\14798\.m2\repository\org\junit\platform\junit-platform-commons\1.8.2\junit-platform-commons-1.8.2.jar;C:\Users\14798\.m2\repository\org\apiguardian\apiguardian-api\1.1.2\apiguardian-api-1.1.2.jar;"/>
    <property name="sun.cpu.endian" value="little"/>
    <property name="user.home" value="C:\Users\14798"/>
    <property name="user.language" value="zh"/>
    <property name="java.specification.vendor" value="Oracle Corporation"/>
    <property name="java.home" value="D:\Program Files\Java\jdk-1.8\jre"/>
    <property name="basedir" value="D:\Users\14798\Documents\JetBrains\WorkSpace\LearnProject\Demo1"/>
    <property name="file.separator" value="\"/>
    <property name="line.separator" value="&#10;"/>
    <property name="java.vm.specification.vendor" value="Oracle Corporation"/>
    <property name="java.specification.name" value="Java Platform API Specification"/>
    <property name="java.awt.graphicsenv" value="sun.awt.Win32GraphicsEnvironment"/>
    <property name="surefire.real.class.path" value="C:\Users\14798\AppData\Local\Temp\surefire4361100211669865910\surefirebooter2199030007642137386.jar"/>
    <property name="sun.boot.class.path" value="D:\Program Files\Java\jdk-1.8\jre\lib\resources.jar;D:\Program Files\Java\jdk-1.8\jre\lib\rt.jar;D:\Program Files\Java\jdk-1.8\jre\lib\jsse.jar;D:\Program Files\Java\jdk-1.8\jre\lib\jce.jar;D:\Program Files\Java\jdk-1.8\jre\lib\charsets.jar;D:\Program Files\Java\jdk-1.8\jre\lib\jfr.jar;D:\Program Files\Java\jdk-1.8\jre\classes"/>
    <property name="user.script" value=""/>
    <property name="sun.management.compiler" value="HotSpot 64-Bit Tiered Compilers"/>
    <property name="java.runtime.version" value="1.8.0_371-b11"/>
    <property name="user.name" value="foxfairy"/>
    <property name="path.separator" value=";"/>
    <property name="os.version" value="10.0"/>
    <property name="java.endorsed.dirs" value="D:\Program Files\Java\jdk-1.8\jre\lib\endorsed"/>
    <property name="java.runtime.name" value="Java(TM) SE Runtime Environment"/>
    <property name="file.encoding" value="GBK"/>
    <property name="java.vm.name" value="Java HotSpot(TM) 64-Bit Server VM"/>
    <property name="localRepository" value="C:\Users\14798\.m2\repository"/>
    <property name="java.vendor.url.bug" value="http://bugreport.sun.com/bugreport/"/>
    <property name="java.io.tmpdir" value="C:\Users\14798\AppData\Local\Temp\"/>
    <property name="idea.version" value="2023.1"/>
    <property name="java.version" value="1.8.0_371"/>
    <property name="user.dir" value="D:\Users\14798\Documents\JetBrains\WorkSpace\LearnProject\Demo1"/>
    <property name="os.arch" value="amd64"/>
    <property name="java.vm.specification.name" value="Java Virtual Machine Specification"/>
    <property name="java.awt.printerjob" value="sun.awt.windows.WPrinterJob"/>
    <property name="sun.os.patch.level" value=""/>
    <property name="java.library.path" value="D:\Program Files\Java\jdk-1.8\jre\bin;C:\Windows\Sun\Java\bin;C:\Windows\system32;C:\Windows;D:\Program Files (x86)\VMware\VMware Workstation\bin\;C:\Windows\system32;C:\Windows;C:\Windows\System32\Wbem;C:\Windows\System32\WindowsPowerShell\v1.0\;C:\Windows\System32\OpenSSH\;D:\Program Files\Bandizip\;D:\Program Files\MySQL\MySQL Server 8.0\bin;C:\Program Files\NVIDIA Corporation\NVIDIA NvDLISR;C:\Program Files (x86)\NVIDIA Corporation\PhysX\Common;D:\Program Files\nodejs\;D:\ProgramData\anaconda;D:\ProgramData\anaconda\Scripts;D:\Program Files (x86)\Go\bin;D:\Users\14798\Documents\JetBrains\GolandProject\GoProject;D:\Program Files\Git\cmd;D:\Program Files (x86)\NetSarang\Xshell 7\;D:\Program Files\Java\jdk-1.8\bin;C:\Users\14798\AppData\Local\Microsoft\WindowsApps;C:\Users\14798\AppData\Roaming\npm;C:\Users\14798\go\bin;."/>
    <property name="java.vm.info" value="mixed mode"/>
    <property name="java.vendor" value="Oracle Corporation"/>
    <property name="java.vm.version" value="25.371-b11"/>
    <property name="java.specification.maintenance.version" value="4"/>
    <property name="java.ext.dirs" value="D:\Program Files\Java\jdk-1.8\jre\lib\ext;C:\Windows\Sun\Java\lib\ext"/>
    <property name="sun.io.unicode.encoding" value="UnicodeLittle"/>
    <property name="java.class.version" value="52.0"/>
  </properties>
  <testcase name="contextLoads" classname="com.example.demo1.Demo1ApplicationTests" time="0.006">
    <error message="org/springframework/dao/DataAccessException" type="java.lang.NoClassDefFoundError">java.lang.NoClassDefFoundError: org/springframework/dao/DataAccessException
Caused by: java.lang.ClassNotFoundException: org.springframework.dao.DataAccessException
</error>
    <system-out><![CDATA[16:02:50.135 [main] DEBUG org.springframework.test.context.BootstrapUtils - Instantiating CacheAwareContextLoaderDelegate from class [org.springframework.test.context.cache.DefaultCacheAwareContextLoaderDelegate]
16:02:50.146 [main] DEBUG org.springframework.test.context.BootstrapUtils - Instantiating BootstrapContext using constructor [public org.springframework.test.context.support.DefaultBootstrapContext(java.lang.Class,org.springframework.test.context.CacheAwareContextLoaderDelegate)]
16:02:50.180 [main] DEBUG org.springframework.test.context.BootstrapUtils - Instantiating TestContextBootstrapper for test class [com.example.demo1.Demo1ApplicationTests] from class [org.springframework.boot.test.context.SpringBootTestContextBootstrapper]
16:02:50.193 [main] INFO org.springframework.boot.test.context.SpringBootTestContextBootstrapper - Neither @ContextConfiguration nor @ContextHierarchy found for test class [com.example.demo1.Demo1ApplicationTests], using SpringBootContextLoader
16:02:50.196 [main] DEBUG org.springframework.test.context.support.AbstractContextLoader - Did not detect default resource location for test class [com.example.demo1.Demo1ApplicationTests]: class path resource [com/example/demo1/Demo1ApplicationTests-context.xml] does not exist
16:02:50.197 [main] DEBUG org.springframework.test.context.support.AbstractContextLoader - Did not detect default resource location for test class [com.example.demo1.Demo1ApplicationTests]: class path resource [com/example/demo1/Demo1ApplicationTestsContext.groovy] does not exist
16:02:50.197 [main] INFO org.springframework.test.context.support.AbstractContextLoader - Could not detect default resource locations for test class [com.example.demo1.Demo1ApplicationTests]: no resource found for suffixes {-context.xml, Context.groovy}.
16:02:50.198 [main] INFO org.springframework.test.context.support.AnnotationConfigContextLoaderUtils - Could not detect default configuration classes for test class [com.example.demo1.Demo1ApplicationTests]: Demo1ApplicationTests does not declare any static, non-private, non-final, nested classes annotated with @Configuration.
16:02:50.239 [main] DEBUG org.springframework.test.context.support.ActiveProfilesUtils - Could not find an 'annotation declaring class' for annotation type [org.springframework.test.context.ActiveProfiles] and class [com.example.demo1.Demo1ApplicationTests]
16:02:50.302 [main] DEBUG org.springframework.context.annotation.ClassPathScanningCandidateComponentProvider - Identified candidate component class: file [D:\Users\14798\Documents\JetBrains\WorkSpace\LearnProject\Demo1\target\classes\com\example\demo1\Demo1Application.class]
16:02:50.304 [main] INFO org.springframework.boot.test.context.SpringBootTestContextBootstrapper - Found @SpringBootConfiguration com.example.demo1.Demo1Application for test class com.example.demo1.Demo1ApplicationTests
16:02:50.402 [main] DEBUG org.springframework.boot.test.context.SpringBootTestContextBootstrapper - @TestExecutionListeners is not present for class [com.example.demo1.Demo1ApplicationTests]: using defaults.
16:02:50.402 [main] INFO org.springframework.boot.test.context.SpringBootTestContextBootstrapper - Loaded default TestExecutionListener class names from location [META-INF/spring.factories]: [org.springframework.boot.test.mock.mockito.MockitoTestExecutionListener, org.springframework.boot.test.mock.mockito.ResetMocksTestExecutionListener, org.springframework.boot.test.autoconfigure.restdocs.RestDocsTestExecutionListener, org.springframework.boot.test.autoconfigure.web.client.MockRestServiceServerResetTestExecutionListener, org.springframework.boot.test.autoconfigure.web.servlet.MockMvcPrintOnlyOnFailureTestExecutionListener, org.springframework.boot.test.autoconfigure.web.servlet.WebDriverTestExecutionListener, org.springframework.boot.test.autoconfigure.webservices.client.MockWebServiceServerTestExecutionListener, org.springframework.test.context.web.ServletTestExecutionListener, org.springframework.test.context.support.DirtiesContextBeforeModesTestExecutionListener, org.springframework.test.context.event.ApplicationEventsTestExecutionListener, org.springframework.test.context.support.DependencyInjectionTestExecutionListener, org.springframework.test.context.support.DirtiesContextTestExecutionListener, org.springframework.test.context.transaction.TransactionalTestExecutionListener, org.springframework.test.context.jdbc.SqlScriptsTestExecutionListener, org.springframework.test.context.event.EventPublishingTestExecutionListener]
16:02:50.420 [main] DEBUG org.springframework.boot.test.context.SpringBootTestContextBootstrapper - Skipping candidate TestExecutionListener [org.springframework.test.context.transaction.TransactionalTestExecutionListener] due to a missing dependency. Specify custom listener classes or make the default listener classes and their required dependencies available. Offending class: [org/springframework/transaction/TransactionDefinition]
16:02:50.421 [main] DEBUG org.springframework.boot.test.context.SpringBootTestContextBootstrapper - Skipping candidate TestExecutionListener [org.springframework.test.context.jdbc.SqlScriptsTestExecutionListener] due to a missing dependency. Specify custom listener classes or make the default listener classes and their required dependencies available. Offending class: [org/springframework/transaction/interceptor/TransactionAttribute]
16:02:50.421 [main] INFO org.springframework.boot.test.context.SpringBootTestContextBootstrapper - Using TestExecutionListeners: [org.springframework.test.context.web.ServletTestExecutionListener@6c284af, org.springframework.test.context.support.DirtiesContextBeforeModesTestExecutionListener@5890e879, org.springframework.test.context.event.ApplicationEventsTestExecutionListener@6440112d, org.springframework.boot.test.mock.mockito.MockitoTestExecutionListener@31ea9581, org.springframework.boot.test.autoconfigure.SpringBootDependencyInjectionTestExecutionListener@231f98ef, org.springframework.test.context.support.DirtiesContextTestExecutionListener@7c137fd5, org.springframework.test.context.event.EventPublishingTestExecutionListener@183ec003, org.springframework.boot.test.mock.mockito.ResetMocksTestExecutionListener@7d9d0818, org.springframework.boot.test.autoconfigure.restdocs.RestDocsTestExecutionListener@221a3fa4, org.springframework.boot.test.autoconfigure.web.client.MockRestServiceServerResetTestExecutionListener@451001e5, org.springframework.boot.test.autoconfigure.web.servlet.MockMvcPrintOnlyOnFailureTestExecutionListener@2b40ff9c, org.springframework.boot.test.autoconfigure.web.servlet.WebDriverTestExecutionListener@3e08ff24, org.springframework.boot.test.autoconfigure.webservices.client.MockWebServiceServerTestExecutionListener@4d1c005e]
16:02:50.424 [main] DEBUG org.springframework.test.context.support.AbstractDirtiesContextTestExecutionListener - Before test class: context [DefaultTestContext@359df09a testClass = Demo1ApplicationTests, testInstance = [null], testMethod = [null], testException = [null], mergedContextConfiguration = [WebMergedContextConfiguration@43df23d3 testClass = Demo1ApplicationTests, locations = '{}', classes = '{class com.example.demo1.Demo1Application}', contextInitializerClasses = '[]', activeProfiles = '{}', propertySourceLocations = '{}', propertySourceProperties = '{org.springframework.boot.test.context.SpringBootTestContextBootstrapper=true}', contextCustomizers = set[org.springframework.boot.test.context.filter.ExcludeFilterContextCustomizer@79924b, org.springframework.boot.test.json.DuplicateJsonObjectContextCustomizerFactory$DuplicateJsonObjectContextCustomizer@4cc451f2, org.springframework.boot.test.mock.mockito.MockitoContextCustomizer@0, org.springframework.boot.test.web.client.TestRestTemplateContextCustomizer@79e2c065, org.springframework.boot.test.web.reactive.server.WebTestClientContextCustomizer@7e07db1f, org.springframework.boot.test.autoconfigure.actuate.metrics.MetricsExportContextCustomizerFactory$DisableMetricExportContextCustomizer@36902638, org.springframework.boot.test.autoconfigure.properties.PropertyMappingContextCustomizer@0, org.springframework.boot.test.autoconfigure.web.servlet.WebDriverContextCustomizerFactory$Customizer@5b8dfcc1, org.springframework.boot.test.context.SpringBootTestArgs@1, org.springframework.boot.test.context.SpringBootTestWebEnvironment@475530b9], resourceBasePath = 'src/main/webapp', contextLoader = 'org.springframework.boot.test.context.SpringBootContextLoader', parent = [null]], attributes = map['org.springframework.test.context.web.ServletTestExecutionListener.activateListener' -> true]], class annotated with @DirtiesContext [false] with mode [null].

  .   ____          _            __ _ _
 /\\ / ___'_ __ _ _(_)_ __  __ _ \ \ \ \
( ( )\___ | '_ | '_| | '_ \/ _` | \ \ \ \
 \\/  ___)| |_)| | | | | || (_| |  ) ) ) )
  '  |____| .__|_| |_|_| |_\__, | / / / /
 =========|_|==============|___/=/_/_/_/
 :: Spring Boot ::                (v2.6.6)

2024-03-09 16:02:50.678  INFO 14928 --- [           main] com.example.demo1.Demo1ApplicationTests  : Starting Demo1ApplicationTests using Java 1.8.0_371 on foxfairy with PID 14928 (started by foxfairy in D:\Users\14798\Documents\JetBrains\WorkSpace\LearnProject\Demo1)
2024-03-09 16:02:50.679  INFO 14928 --- [           main] com.example.demo1.Demo1ApplicationTests  : No active profile set, falling back to 1 default profile: "default"
2024-03-09 16:02:53.404 ERROR 14928 --- [           main] o.s.boot.SpringApplication               : Application run failed

java.lang.NoClassDefFoundError: org/springframework/dao/DataAccessException
	at java.lang.Class.getDeclaredMethods0(Native Method) ~[na:1.8.0_371]
	at java.lang.Class.privateGetDeclaredMethods(Class.java:2701) ~[na:1.8.0_371]
	at java.lang.Class.privateGetMethodRecursive(Class.java:3048) ~[na:1.8.0_371]
	at java.lang.Class.getMethod0(Class.java:3018) ~[na:1.8.0_371]
	at java.lang.Class.getMethod(Class.java:1784) ~[na:1.8.0_371]
	at java.lang.Class.getEnumConstantsShared(Class.java:3311) ~[na:1.8.0_371]
	at java.lang.Class.enumConstantDirectory(Class.java:3341) ~[na:1.8.0_371]
	at java.lang.Enum.valueOf(Enum.java:232) ~[na:1.8.0_371]
	at sun.reflect.annotation.AnnotationParser.parseEnumValue(AnnotationParser.java:483) ~[na:1.8.0_371]
	at sun.reflect.annotation.AnnotationParser.parseMemberValue(AnnotationParser.java:347) ~[na:1.8.0_371]
	at java.lang.reflect.Method.getDefaultValue(Method.java:606) ~[na:1.8.0_371]
	at org.springframework.core.annotation.AttributeMethods.<init>(AttributeMethods.java:75) ~[spring-core-5.3.18.jar:5.3.18]
	at org.springframework.core.annotation.AttributeMethods.compute(AttributeMethods.java:270) ~[spring-core-5.3.18.jar:5.3.18]
	at java.util.concurrent.ConcurrentMap.computeIfAbsent(ConcurrentMap.java:324) ~[na:1.8.0_371]
	at org.springframework.core.annotation.AttributeMethods.forAnnotationType(AttributeMethods.java:253) ~[spring-core-5.3.18.jar:5.3.18]
	at org.springframework.core.annotation.AnnotationTypeMapping.<init>(AnnotationTypeMapping.java:96) ~[spring-core-5.3.18.jar:5.3.18]
	at org.springframework.core.annotation.AnnotationTypeMappings.addIfPossible(AnnotationTypeMappings.java:119) ~[spring-core-5.3.18.jar:5.3.18]
	at org.springframework.core.annotation.AnnotationTypeMappings.addAllMappings(AnnotationTypeMappings.java:81) ~[spring-core-5.3.18.jar:5.3.18]
	at org.springframework.core.annotation.AnnotationTypeMappings.<init>(AnnotationTypeMappings.java:72) ~[spring-core-5.3.18.jar:5.3.18]
	at org.springframework.core.annotation.AnnotationTypeMappings.<init>(AnnotationTypeMappings.java:49) ~[spring-core-5.3.18.jar:5.3.18]
	at org.springframework.core.annotation.AnnotationTypeMappings$Cache.createMappings(AnnotationTypeMappings.java:280) ~[spring-core-5.3.18.jar:5.3.18]
	at org.springframework.core.annotation.AnnotationTypeMappings$Cache.lambda$get$0(AnnotationTypeMappings.java:274) ~[spring-core-5.3.18.jar:5.3.18]
	at java.util.concurrent.ConcurrentMap.computeIfAbsent(ConcurrentMap.java:324) ~[na:1.8.0_371]
	at org.springframework.core.annotation.AnnotationTypeMappings$Cache.get(AnnotationTypeMappings.java:274) ~[spring-core-5.3.18.jar:5.3.18]
	at org.springframework.core.annotation.AnnotationTypeMappings.forAnnotationType(AnnotationTypeMappings.java:227) ~[spring-core-5.3.18.jar:5.3.18]
	at org.springframework.core.annotation.AnnotationTypeMappings.forAnnotationType(AnnotationTypeMappings.java:190) ~[spring-core-5.3.18.jar:5.3.18]
	at org.springframework.core.annotation.AnnotationTypeMappings.forAnnotationType(AnnotationTypeMappings.java:176) ~[spring-core-5.3.18.jar:5.3.18]
	at org.springframework.core.annotation.TypeMappedAnnotation.of(TypeMappedAnnotation.java:597) ~[spring-core-5.3.18.jar:5.3.18]
	at org.springframework.core.annotation.MergedAnnotation.of(MergedAnnotation.java:610) ~[spring-core-5.3.18.jar:5.3.18]
	at org.springframework.core.type.classreading.MergedAnnotationReadingVisitor.visitEnd(MergedAnnotationReadingVisitor.java:95) ~[spring-core-5.3.18.jar:5.3.18]
	at org.springframework.asm.ClassReader.readElementValues(ClassReader.java:3009) ~[spring-core-5.3.18.jar:5.3.18]
	at org.springframework.asm.ClassReader.accept(ClassReader.java:609) ~[spring-core-5.3.18.jar:5.3.18]
	at org.springframework.asm.ClassReader.accept(ClassReader.java:425) ~[spring-core-5.3.18.jar:5.3.18]
	at org.springframework.core.type.classreading.SimpleMetadataReader.<init>(SimpleMetadataReader.java:49) ~[spring-core-5.3.18.jar:5.3.18]
	at org.springframework.core.type.classreading.SimpleMetadataReaderFactory.getMetadataReader(SimpleMetadataReaderFactory.java:103) ~[spring-core-5.3.18.jar:5.3.18]
	at com.example.demo1.config.ClassPathMyServiceScanner.resolveClassName(ClassPathMyServiceScanner.java:84) ~[classes/:na]
	at com.example.demo1.config.ClassPathMyServiceScanner.scan(ClassPathMyServiceScanner.java:61) ~[classes/:na]
	at com.example.demo1.config.MyServiceRegistrar.registerBeanDefinitions(MyServiceRegistrar.java:25) ~[classes/:na]
	at org.springframework.context.annotation.ImportBeanDefinitionRegistrar.registerBeanDefinitions(ImportBeanDefinitionRegistrar.java:86) ~[spring-context-5.3.18.jar:5.3.18]
	at org.springframework.context.annotation.ConfigurationClassBeanDefinitionReader.lambda$loadBeanDefinitionsFromRegistrars$1(ConfigurationClassBeanDefinitionReader.java:396) ~[spring-context-5.3.18.jar:5.3.18]
	at java.util.LinkedHashMap.forEach(LinkedHashMap.java:684) ~[na:1.8.0_371]
	at org.springframework.context.annotation.ConfigurationClassBeanDefinitionReader.loadBeanDefinitionsFromRegistrars(ConfigurationClassBeanDefinitionReader.java:395) ~[spring-context-5.3.18.jar:5.3.18]
	at org.springframework.context.annotation.ConfigurationClassBeanDefinitionReader.loadBeanDefinitionsForConfigurationClass(ConfigurationClassBeanDefinitionReader.java:157) ~[spring-context-5.3.18.jar:5.3.18]
	at org.springframework.context.annotation.ConfigurationClassBeanDefinitionReader.loadBeanDefinitions(ConfigurationClassBeanDefinitionReader.java:129) ~[spring-context-5.3.18.jar:5.3.18]
	at org.springframework.context.annotation.ConfigurationClassPostProcessor.processConfigBeanDefinitions(ConfigurationClassPostProcessor.java:343) ~[spring-context-5.3.18.jar:5.3.18]
	at org.springframework.context.annotation.ConfigurationClassPostProcessor.postProcessBeanDefinitionRegistry(ConfigurationClassPostProcessor.java:247) ~[spring-context-5.3.18.jar:5.3.18]
	at org.springframework.context.support.PostProcessorRegistrationDelegate.invokeBeanDefinitionRegistryPostProcessors(PostProcessorRegistrationDelegate.java:311) ~[spring-context-5.3.18.jar:5.3.18]
	at org.springframework.context.support.PostProcessorRegistrationDelegate.invokeBeanFactoryPostProcessors(PostProcessorRegistrationDelegate.java:112) ~[spring-context-5.3.18.jar:5.3.18]
	at org.springframework.context.support.AbstractApplicationContext.invokeBeanFactoryPostProcessors(AbstractApplicationContext.java:746) ~[spring-context-5.3.18.jar:5.3.18]
	at org.springframework.context.support.AbstractApplicationContext.refresh(AbstractApplicationContext.java:564) ~[spring-context-5.3.18.jar:5.3.18]
	at org.springframework.boot.SpringApplication.refresh(SpringApplication.java:740) ~[spring-boot-2.6.6.jar:2.6.6]
	at org.springframework.boot.SpringApplication.refreshContext(SpringApplication.java:415) ~[spring-boot-2.6.6.jar:2.6.6]
	at org.springframework.boot.SpringApplication.run(SpringApplication.java:303) ~[spring-boot-2.6.6.jar:2.6.6]
	at org.springframework.boot.test.context.SpringBootContextLoader.loadContext(SpringBootContextLoader.java:136) [spring-boot-test-2.6.6.jar:2.6.6]
	at org.springframework.test.context.cache.DefaultCacheAwareContextLoaderDelegate.loadContextInternal(DefaultCacheAwareContextLoaderDelegate.java:99) [spring-test-5.3.18.jar:5.3.18]
	at org.springframework.test.context.cache.DefaultCacheAwareContextLoaderDelegate.loadContext(DefaultCacheAwareContextLoaderDelegate.java:124) [spring-test-5.3.18.jar:5.3.18]
	at org.springframework.test.context.support.DefaultTestContext.getApplicationContext(DefaultTestContext.java:124) [spring-test-5.3.18.jar:5.3.18]
	at org.springframework.test.context.web.ServletTestExecutionListener.setUpRequestContextIfNecessary(ServletTestExecutionListener.java:190) [spring-test-5.3.18.jar:5.3.18]
	at org.springframework.test.context.web.ServletTestExecutionListener.prepareTestInstance(ServletTestExecutionListener.java:132) [spring-test-5.3.18.jar:5.3.18]
	at org.springframework.test.context.TestContextManager.prepareTestInstance(TestContextManager.java:248) [spring-test-5.3.18.jar:5.3.18]
	at org.springframework.test.context.junit.jupiter.SpringExtension.postProcessTestInstance(SpringExtension.java:138) [spring-test-5.3.18.jar:5.3.18]
	at org.junit.jupiter.engine.descriptor.ClassBasedTestDescriptor.lambda$invokeTestInstancePostProcessors$8(ClassBasedTestDescriptor.java:363) [junit-jupiter-engine-5.8.2.jar:5.8.2]
	at org.junit.jupiter.engine.descriptor.ClassBasedTestDescriptor.executeAndMaskThrowable(ClassBasedTestDescriptor.java:368) [junit-jupiter-engine-5.8.2.jar:5.8.2]
	at org.junit.jupiter.engine.descriptor.ClassBasedTestDescriptor.lambda$invokeTestInstancePostProcessors$9(ClassBasedTestDescriptor.java:363) [junit-jupiter-engine-5.8.2.jar:5.8.2]
	at java.util.stream.ReferencePipeline$3$1.accept(ReferencePipeline.java:193) ~[na:1.8.0_371]
	at java.util.stream.ReferencePipeline$2$1.accept(ReferencePipeline.java:175) ~[na:1.8.0_371]
	at java.util.ArrayList$ArrayListSpliterator.forEachRemaining(ArrayList.java:1384) ~[na:1.8.0_371]
	at java.util.stream.AbstractPipeline.copyInto(AbstractPipeline.java:482) ~[na:1.8.0_371]
	at java.util.stream.AbstractPipeline.wrapAndCopyInto(AbstractPipeline.java:472) ~[na:1.8.0_371]
	at java.util.stream.StreamSpliterators$WrappingSpliterator.forEachRemaining(StreamSpliterators.java:312) ~[na:1.8.0_371]
	at java.util.stream.Streams$ConcatSpliterator.forEachRemaining(Streams.java:743) ~[na:1.8.0_371]
	at java.util.stream.Streams$ConcatSpliterator.forEachRemaining(Streams.java:742) ~[na:1.8.0_371]
	at java.util.stream.ReferencePipeline$Head.forEach(ReferencePipeline.java:580) ~[na:1.8.0_371]
	at org.junit.jupiter.engine.descriptor.ClassBasedTestDescriptor.invokeTestInstancePostProcessors(ClassBasedTestDescriptor.java:362) [junit-jupiter-engine-5.8.2.jar:5.8.2]
	at org.junit.jupiter.engine.descriptor.ClassBasedTestDescriptor.lambda$instantiateAndPostProcessTestInstance$6(ClassBasedTestDescriptor.java:283) [junit-jupiter-engine-5.8.2.jar:5.8.2]
	at org.junit.platform.engine.support.hierarchical.ThrowableCollector.execute(ThrowableCollector.java:73) ~[junit-platform-engine-1.8.2.jar:1.8.2]
	at org.junit.jupiter.engine.descriptor.ClassBasedTestDescriptor.instantiateAndPostProcessTestInstance(ClassBasedTestDescriptor.java:282) [junit-jupiter-engine-5.8.2.jar:5.8.2]
	at org.junit.jupiter.engine.descriptor.ClassBasedTestDescriptor.lambda$testInstancesProvider$4(ClassBasedTestDescriptor.java:272) [junit-jupiter-engine-5.8.2.jar:5.8.2]
	at java.util.Optional.orElseGet(Optional.java:267) ~[na:1.8.0_371]
	at org.junit.jupiter.engine.descriptor.ClassBasedTestDescriptor.lambda$testInstancesProvider$5(ClassBasedTestDescriptor.java:271) [junit-jupiter-engine-5.8.2.jar:5.8.2]
	at org.junit.jupiter.engine.execution.TestInstancesProvider.getTestInstances(TestInstancesProvider.java:31) ~[junit-jupiter-engine-5.8.2.jar:5.8.2]
	at org.junit.jupiter.engine.descriptor.TestMethodTestDescriptor.lambda$prepare$0(TestMethodTestDescriptor.java:102) ~[junit-jupiter-engine-5.8.2.jar:5.8.2]
	at org.junit.platform.engine.support.hierarchical.ThrowableCollector.execute(ThrowableCollector.java:73) ~[junit-platform-engine-1.8.2.jar:1.8.2]
	at org.junit.jupiter.engine.descriptor.TestMethodTestDescriptor.prepare(TestMethodTestDescriptor.java:101) ~[junit-jupiter-engine-5.8.2.jar:5.8.2]
	at org.junit.jupiter.engine.descriptor.TestMethodTestDescriptor.prepare(TestMethodTestDescriptor.java:66) ~[junit-jupiter-engine-5.8.2.jar:5.8.2]
	at org.junit.platform.engine.support.hierarchical.NodeTestTask.lambda$prepare$2(NodeTestTask.java:123) ~[junit-platform-engine-1.8.2.jar:1.8.2]
	at org.junit.platform.engine.support.hierarchical.ThrowableCollector.execute(ThrowableCollector.java:73) ~[junit-platform-engine-1.8.2.jar:1.8.2]
	at org.junit.platform.engine.support.hierarchical.NodeTestTask.prepare(NodeTestTask.java:123) ~[junit-platform-engine-1.8.2.jar:1.8.2]
	at org.junit.platform.engine.support.hierarchical.NodeTestTask.execute(NodeTestTask.java:90) ~[junit-platform-engine-1.8.2.jar:1.8.2]
	at java.util.ArrayList.forEach(ArrayList.java:1259) ~[na:1.8.0_371]
	at org.junit.platform.engine.support.hierarchical.SameThreadHierarchicalTestExecutorService.invokeAll(SameThreadHierarchicalTestExecutorService.java:41) ~[junit-platform-engine-1.8.2.jar:1.8.2]
	at org.junit.platform.engine.support.hierarchical.NodeTestTask.lambda$executeRecursively$6(NodeTestTask.java:155) ~[junit-platform-engine-1.8.2.jar:1.8.2]
	at org.junit.platform.engine.support.hierarchical.ThrowableCollector.execute(ThrowableCollector.java:73) ~[junit-platform-engine-1.8.2.jar:1.8.2]
	at org.junit.platform.engine.support.hierarchical.NodeTestTask.lambda$executeRecursively$8(NodeTestTask.java:141) ~[junit-platform-engine-1.8.2.jar:1.8.2]
	at org.junit.platform.engine.support.hierarchical.Node.around(Node.java:137) ~[junit-platform-engine-1.8.2.jar:1.8.2]
	at org.junit.platform.engine.support.hierarchical.NodeTestTask.lambda$executeRecursively$9(NodeTestTask.java:139) ~[junit-platform-engine-1.8.2.jar:1.8.2]
	at org.junit.platform.engine.support.hierarchical.ThrowableCollector.execute(ThrowableCollector.java:73) ~[junit-platform-engine-1.8.2.jar:1.8.2]
	at org.junit.platform.engine.support.hierarchical.NodeTestTask.executeRecursively(NodeTestTask.java:138) ~[junit-platform-engine-1.8.2.jar:1.8.2]
	at org.junit.platform.engine.support.hierarchical.NodeTestTask.execute(NodeTestTask.java:95) ~[junit-platform-engine-1.8.2.jar:1.8.2]
	at java.util.ArrayList.forEach(ArrayList.java:1259) ~[na:1.8.0_371]
	at org.junit.platform.engine.support.hierarchical.SameThreadHierarchicalTestExecutorService.invokeAll(SameThreadHierarchicalTestExecutorService.java:41) ~[junit-platform-engine-1.8.2.jar:1.8.2]
	at org.junit.platform.engine.support.hierarchical.NodeTestTask.lambda$executeRecursively$6(NodeTestTask.java:155) ~[junit-platform-engine-1.8.2.jar:1.8.2]
	at org.junit.platform.engine.support.hierarchical.ThrowableCollector.execute(ThrowableCollector.java:73) ~[junit-platform-engine-1.8.2.jar:1.8.2]
	at org.junit.platform.engine.support.hierarchical.NodeTestTask.lambda$executeRecursively$8(NodeTestTask.java:141) ~[junit-platform-engine-1.8.2.jar:1.8.2]
	at org.junit.platform.engine.support.hierarchical.Node.around(Node.java:137) ~[junit-platform-engine-1.8.2.jar:1.8.2]
	at org.junit.platform.engine.support.hierarchical.NodeTestTask.lambda$executeRecursively$9(NodeTestTask.java:139) ~[junit-platform-engine-1.8.2.jar:1.8.2]
	at org.junit.platform.engine.support.hierarchical.ThrowableCollector.execute(ThrowableCollector.java:73) ~[junit-platform-engine-1.8.2.jar:1.8.2]
	at org.junit.platform.engine.support.hierarchical.NodeTestTask.executeRecursively(NodeTestTask.java:138) ~[junit-platform-engine-1.8.2.jar:1.8.2]
	at org.junit.platform.engine.support.hierarchical.NodeTestTask.execute(NodeTestTask.java:95) ~[junit-platform-engine-1.8.2.jar:1.8.2]
	at org.junit.platform.engine.support.hierarchical.SameThreadHierarchicalTestExecutorService.submit(SameThreadHierarchicalTestExecutorService.java:35) ~[junit-platform-engine-1.8.2.jar:1.8.2]
	at org.junit.platform.engine.support.hierarchical.HierarchicalTestExecutor.execute(HierarchicalTestExecutor.java:57) ~[junit-platform-engine-1.8.2.jar:1.8.2]
	at org.junit.platform.engine.support.hierarchical.HierarchicalTestEngine.execute(HierarchicalTestEngine.java:54) ~[junit-platform-engine-1.8.2.jar:1.8.2]
	at org.junit.platform.launcher.core.DefaultLauncher.execute(DefaultLauncher.java:220) ~[junit-platform-launcher-1.3.1.jar:1.3.1]
	at org.junit.platform.launcher.core.DefaultLauncher.lambda$execute$6(DefaultLauncher.java:188) ~[junit-platform-launcher-1.3.1.jar:1.3.1]
	at org.junit.platform.launcher.core.DefaultLauncher.withInterceptedStreams(DefaultLauncher.java:202) ~[junit-platform-launcher-1.3.1.jar:1.3.1]
	at org.junit.platform.launcher.core.DefaultLauncher.execute(DefaultLauncher.java:181) ~[junit-platform-launcher-1.3.1.jar:1.3.1]
	at org.junit.platform.launcher.core.DefaultLauncher.execute(DefaultLauncher.java:128) ~[junit-platform-launcher-1.3.1.jar:1.3.1]
	at org.apache.maven.surefire.junitplatform.JUnitPlatformProvider.invokeAllTests(JUnitPlatformProvider.java:150) ~[surefire-junit-platform-2.22.2.jar:2.22.2]
	at org.apache.maven.surefire.junitplatform.JUnitPlatformProvider.invoke(JUnitPlatformProvider.java:124) ~[surefire-junit-platform-2.22.2.jar:2.22.2]
	at org.apache.maven.surefire.booter.ForkedBooter.invokeProviderInSameClassLoader(ForkedBooter.java:384) ~[surefire-booter-2.22.2.jar:2.22.2]
	at org.apache.maven.surefire.booter.ForkedBooter.runSuitesInProcess(ForkedBooter.java:345) ~[surefire-booter-2.22.2.jar:2.22.2]
	at org.apache.maven.surefire.booter.ForkedBooter.execute(ForkedBooter.java:126) ~[surefire-booter-2.22.2.jar:2.22.2]
	at org.apache.maven.surefire.booter.ForkedBooter.main(ForkedBooter.java:418) ~[surefire-booter-2.22.2.jar:2.22.2]
Caused by: java.lang.ClassNotFoundException: org.springframework.dao.DataAccessException
	at java.net.URLClassLoader.findClass(URLClassLoader.java:387) ~[na:1.8.0_371]
	at java.lang.ClassLoader.loadClass(ClassLoader.java:418) ~[na:1.8.0_371]
	at sun.misc.Launcher$AppClassLoader.loadClass(Launcher.java:355) ~[na:1.8.0_371]
	at java.lang.ClassLoader.loadClass(ClassLoader.java:351) ~[na:1.8.0_371]
	... 123 common frames omitted

2024-03-09 16:02:53.410 ERROR 14928 --- [           main] o.s.test.context.TestContextManager      : Caught exception while allowing TestExecutionListener [org.springframework.test.context.web.ServletTestExecutionListener@6c284af] to prepare test instance [com.example.demo1.Demo1ApplicationTests@687749d1]

java.lang.NoClassDefFoundError: org/springframework/dao/DataAccessException
	at java.lang.Class.getDeclaredMethods0(Native Method) ~[na:1.8.0_371]
	at java.lang.Class.privateGetDeclaredMethods(Class.java:2701) ~[na:1.8.0_371]
	at java.lang.Class.privateGetMethodRecursive(Class.java:3048) ~[na:1.8.0_371]
	at java.lang.Class.getMethod0(Class.java:3018) ~[na:1.8.0_371]
	at java.lang.Class.getMethod(Class.java:1784) ~[na:1.8.0_371]
	at java.lang.Class.getEnumConstantsShared(Class.java:3311) ~[na:1.8.0_371]
	at java.lang.Class.enumConstantDirectory(Class.java:3341) ~[na:1.8.0_371]
	at java.lang.Enum.valueOf(Enum.java:232) ~[na:1.8.0_371]
	at sun.reflect.annotation.AnnotationParser.parseEnumValue(AnnotationParser.java:483) ~[na:1.8.0_371]
	at sun.reflect.annotation.AnnotationParser.parseMemberValue(AnnotationParser.java:347) ~[na:1.8.0_371]
	at java.lang.reflect.Method.getDefaultValue(Method.java:606) ~[na:1.8.0_371]
	at org.springframework.core.annotation.AttributeMethods.<init>(AttributeMethods.java:75) ~[spring-core-5.3.18.jar:5.3.18]
	at org.springframework.core.annotation.AttributeMethods.compute(AttributeMethods.java:270) ~[spring-core-5.3.18.jar:5.3.18]
	at java.util.concurrent.ConcurrentMap.computeIfAbsent(ConcurrentMap.java:324) ~[na:1.8.0_371]
	at org.springframework.core.annotation.AttributeMethods.forAnnotationType(AttributeMethods.java:253) ~[spring-core-5.3.18.jar:5.3.18]
	at org.springframework.core.annotation.AnnotationTypeMapping.<init>(AnnotationTypeMapping.java:96) ~[spring-core-5.3.18.jar:5.3.18]
	at org.springframework.core.annotation.AnnotationTypeMappings.addIfPossible(AnnotationTypeMappings.java:119) ~[spring-core-5.3.18.jar:5.3.18]
	at org.springframework.core.annotation.AnnotationTypeMappings.addAllMappings(AnnotationTypeMappings.java:81) ~[spring-core-5.3.18.jar:5.3.18]
	at org.springframework.core.annotation.AnnotationTypeMappings.<init>(AnnotationTypeMappings.java:72) ~[spring-core-5.3.18.jar:5.3.18]
	at org.springframework.core.annotation.AnnotationTypeMappings.<init>(AnnotationTypeMappings.java:49) ~[spring-core-5.3.18.jar:5.3.18]
	at org.springframework.core.annotation.AnnotationTypeMappings$Cache.createMappings(AnnotationTypeMappings.java:280) ~[spring-core-5.3.18.jar:5.3.18]
	at org.springframework.core.annotation.AnnotationTypeMappings$Cache.lambda$get$0(AnnotationTypeMappings.java:274) ~[spring-core-5.3.18.jar:5.3.18]
	at java.util.concurrent.ConcurrentMap.computeIfAbsent(ConcurrentMap.java:324) ~[na:1.8.0_371]
	at org.springframework.core.annotation.AnnotationTypeMappings$Cache.get(AnnotationTypeMappings.java:274) ~[spring-core-5.3.18.jar:5.3.18]
	at org.springframework.core.annotation.AnnotationTypeMappings.forAnnotationType(AnnotationTypeMappings.java:227) ~[spring-core-5.3.18.jar:5.3.18]
	at org.springframework.core.annotation.AnnotationTypeMappings.forAnnotationType(AnnotationTypeMappings.java:190) ~[spring-core-5.3.18.jar:5.3.18]
	at org.springframework.core.annotation.AnnotationTypeMappings.forAnnotationType(AnnotationTypeMappings.java:176) ~[spring-core-5.3.18.jar:5.3.18]
	at org.springframework.core.annotation.TypeMappedAnnotation.of(TypeMappedAnnotation.java:597) ~[spring-core-5.3.18.jar:5.3.18]
	at org.springframework.core.annotation.MergedAnnotation.of(MergedAnnotation.java:610) ~[spring-core-5.3.18.jar:5.3.18]
	at org.springframework.core.type.classreading.MergedAnnotationReadingVisitor.visitEnd(MergedAnnotationReadingVisitor.java:95) ~[spring-core-5.3.18.jar:5.3.18]
	at org.springframework.asm.ClassReader.readElementValues(ClassReader.java:3009) ~[spring-core-5.3.18.jar:5.3.18]
	at org.springframework.asm.ClassReader.accept(ClassReader.java:609) ~[spring-core-5.3.18.jar:5.3.18]
	at org.springframework.asm.ClassReader.accept(ClassReader.java:425) ~[spring-core-5.3.18.jar:5.3.18]
	at org.springframework.core.type.classreading.SimpleMetadataReader.<init>(SimpleMetadataReader.java:49) ~[spring-core-5.3.18.jar:5.3.18]
	at org.springframework.core.type.classreading.SimpleMetadataReaderFactory.getMetadataReader(SimpleMetadataReaderFactory.java:103) ~[spring-core-5.3.18.jar:5.3.18]
	at com.example.demo1.config.ClassPathMyServiceScanner.resolveClassName(ClassPathMyServiceScanner.java:84) ~[classes/:na]
	at com.example.demo1.config.ClassPathMyServiceScanner.scan(ClassPathMyServiceScanner.java:61) ~[classes/:na]
	at com.example.demo1.config.MyServiceRegistrar.registerBeanDefinitions(MyServiceRegistrar.java:25) ~[classes/:na]
	at org.springframework.context.annotation.ImportBeanDefinitionRegistrar.registerBeanDefinitions(ImportBeanDefinitionRegistrar.java:86) ~[spring-context-5.3.18.jar:5.3.18]
	at org.springframework.context.annotation.ConfigurationClassBeanDefinitionReader.lambda$loadBeanDefinitionsFromRegistrars$1(ConfigurationClassBeanDefinitionReader.java:396) ~[spring-context-5.3.18.jar:5.3.18]
	at java.util.LinkedHashMap.forEach(LinkedHashMap.java:684) ~[na:1.8.0_371]
	at org.springframework.context.annotation.ConfigurationClassBeanDefinitionReader.loadBeanDefinitionsFromRegistrars(ConfigurationClassBeanDefinitionReader.java:395) ~[spring-context-5.3.18.jar:5.3.18]
	at org.springframework.context.annotation.ConfigurationClassBeanDefinitionReader.loadBeanDefinitionsForConfigurationClass(ConfigurationClassBeanDefinitionReader.java:157) ~[spring-context-5.3.18.jar:5.3.18]
	at org.springframework.context.annotation.ConfigurationClassBeanDefinitionReader.loadBeanDefinitions(ConfigurationClassBeanDefinitionReader.java:129) ~[spring-context-5.3.18.jar:5.3.18]
	at org.springframework.context.annotation.ConfigurationClassPostProcessor.processConfigBeanDefinitions(ConfigurationClassPostProcessor.java:343) ~[spring-context-5.3.18.jar:5.3.18]
	at org.springframework.context.annotation.ConfigurationClassPostProcessor.postProcessBeanDefinitionRegistry(ConfigurationClassPostProcessor.java:247) ~[spring-context-5.3.18.jar:5.3.18]
	at org.springframework.context.support.PostProcessorRegistrationDelegate.invokeBeanDefinitionRegistryPostProcessors(PostProcessorRegistrationDelegate.java:311) ~[spring-context-5.3.18.jar:5.3.18]
	at org.springframework.context.support.PostProcessorRegistrationDelegate.invokeBeanFactoryPostProcessors(PostProcessorRegistrationDelegate.java:112) ~[spring-context-5.3.18.jar:5.3.18]
	at org.springframework.context.support.AbstractApplicationContext.invokeBeanFactoryPostProcessors(AbstractApplicationContext.java:746) ~[spring-context-5.3.18.jar:5.3.18]
	at org.springframework.context.support.AbstractApplicationContext.refresh(AbstractApplicationContext.java:564) ~[spring-context-5.3.18.jar:5.3.18]
	at org.springframework.boot.SpringApplication.refresh(SpringApplication.java:740) ~[spring-boot-2.6.6.jar:2.6.6]
	at org.springframework.boot.SpringApplication.refreshContext(SpringApplication.java:415) ~[spring-boot-2.6.6.jar:2.6.6]
	at org.springframework.boot.SpringApplication.run(SpringApplication.java:303) ~[spring-boot-2.6.6.jar:2.6.6]
	at org.springframework.boot.test.context.SpringBootContextLoader.loadContext(SpringBootContextLoader.java:136) ~[spring-boot-test-2.6.6.jar:2.6.6]
	at org.springframework.test.context.cache.DefaultCacheAwareContextLoaderDelegate.loadContextInternal(DefaultCacheAwareContextLoaderDelegate.java:99) ~[spring-test-5.3.18.jar:5.3.18]
	at org.springframework.test.context.cache.DefaultCacheAwareContextLoaderDelegate.loadContext(DefaultCacheAwareContextLoaderDelegate.java:124) ~[spring-test-5.3.18.jar:5.3.18]
	at org.springframework.test.context.support.DefaultTestContext.getApplicationContext(DefaultTestContext.java:124) ~[spring-test-5.3.18.jar:5.3.18]
	at org.springframework.test.context.web.ServletTestExecutionListener.setUpRequestContextIfNecessary(ServletTestExecutionListener.java:190) ~[spring-test-5.3.18.jar:5.3.18]
	at org.springframework.test.context.web.ServletTestExecutionListener.prepareTestInstance(ServletTestExecutionListener.java:132) ~[spring-test-5.3.18.jar:5.3.18]
	at org.springframework.test.context.TestContextManager.prepareTestInstance(TestContextManager.java:248) ~[spring-test-5.3.18.jar:5.3.18]
	at org.springframework.test.context.junit.jupiter.SpringExtension.postProcessTestInstance(SpringExtension.java:138) [spring-test-5.3.18.jar:5.3.18]
	at org.junit.jupiter.engine.descriptor.ClassBasedTestDescriptor.lambda$invokeTestInstancePostProcessors$8(ClassBasedTestDescriptor.java:363) [junit-jupiter-engine-5.8.2.jar:5.8.2]
	at org.junit.jupiter.engine.descriptor.ClassBasedTestDescriptor.executeAndMaskThrowable(ClassBasedTestDescriptor.java:368) [junit-jupiter-engine-5.8.2.jar:5.8.2]
	at org.junit.jupiter.engine.descriptor.ClassBasedTestDescriptor.lambda$invokeTestInstancePostProcessors$9(ClassBasedTestDescriptor.java:363) [junit-jupiter-engine-5.8.2.jar:5.8.2]
	at java.util.stream.ReferencePipeline$3$1.accept(ReferencePipeline.java:193) ~[na:1.8.0_371]
	at java.util.stream.ReferencePipeline$2$1.accept(ReferencePipeline.java:175) ~[na:1.8.0_371]
	at java.util.ArrayList$ArrayListSpliterator.forEachRemaining(ArrayList.java:1384) ~[na:1.8.0_371]
	at java.util.stream.AbstractPipeline.copyInto(AbstractPipeline.java:482) ~[na:1.8.0_371]
	at java.util.stream.AbstractPipeline.wrapAndCopyInto(AbstractPipeline.java:472) ~[na:1.8.0_371]
	at java.util.stream.StreamSpliterators$WrappingSpliterator.forEachRemaining(StreamSpliterators.java:312) ~[na:1.8.0_371]
	at java.util.stream.Streams$ConcatSpliterator.forEachRemaining(Streams.java:743) ~[na:1.8.0_371]
	at java.util.stream.Streams$ConcatSpliterator.forEachRemaining(Streams.java:742) ~[na:1.8.0_371]
	at java.util.stream.ReferencePipeline$Head.forEach(ReferencePipeline.java:580) ~[na:1.8.0_371]
	at org.junit.jupiter.engine.descriptor.ClassBasedTestDescriptor.invokeTestInstancePostProcessors(ClassBasedTestDescriptor.java:362) [junit-jupiter-engine-5.8.2.jar:5.8.2]
	at org.junit.jupiter.engine.descriptor.ClassBasedTestDescriptor.lambda$instantiateAndPostProcessTestInstance$6(ClassBasedTestDescriptor.java:283) [junit-jupiter-engine-5.8.2.jar:5.8.2]
	at org.junit.platform.engine.support.hierarchical.ThrowableCollector.execute(ThrowableCollector.java:73) ~[junit-platform-engine-1.8.2.jar:1.8.2]
	at org.junit.jupiter.engine.descriptor.ClassBasedTestDescriptor.instantiateAndPostProcessTestInstance(ClassBasedTestDescriptor.java:282) [junit-jupiter-engine-5.8.2.jar:5.8.2]
	at org.junit.jupiter.engine.descriptor.ClassBasedTestDescriptor.lambda$testInstancesProvider$4(ClassBasedTestDescriptor.java:272) [junit-jupiter-engine-5.8.2.jar:5.8.2]
	at java.util.Optional.orElseGet(Optional.java:267) ~[na:1.8.0_371]
	at org.junit.jupiter.engine.descriptor.ClassBasedTestDescriptor.lambda$testInstancesProvider$5(ClassBasedTestDescriptor.java:271) [junit-jupiter-engine-5.8.2.jar:5.8.2]
	at org.junit.jupiter.engine.execution.TestInstancesProvider.getTestInstances(TestInstancesProvider.java:31) ~[junit-jupiter-engine-5.8.2.jar:5.8.2]
	at org.junit.jupiter.engine.descriptor.TestMethodTestDescriptor.lambda$prepare$0(TestMethodTestDescriptor.java:102) ~[junit-jupiter-engine-5.8.2.jar:5.8.2]
	at org.junit.platform.engine.support.hierarchical.ThrowableCollector.execute(ThrowableCollector.java:73) ~[junit-platform-engine-1.8.2.jar:1.8.2]
	at org.junit.jupiter.engine.descriptor.TestMethodTestDescriptor.prepare(TestMethodTestDescriptor.java:101) ~[junit-jupiter-engine-5.8.2.jar:5.8.2]
	at org.junit.jupiter.engine.descriptor.TestMethodTestDescriptor.prepare(TestMethodTestDescriptor.java:66) ~[junit-jupiter-engine-5.8.2.jar:5.8.2]
	at org.junit.platform.engine.support.hierarchical.NodeTestTask.lambda$prepare$2(NodeTestTask.java:123) ~[junit-platform-engine-1.8.2.jar:1.8.2]
	at org.junit.platform.engine.support.hierarchical.ThrowableCollector.execute(ThrowableCollector.java:73) ~[junit-platform-engine-1.8.2.jar:1.8.2]
	at org.junit.platform.engine.support.hierarchical.NodeTestTask.prepare(NodeTestTask.java:123) ~[junit-platform-engine-1.8.2.jar:1.8.2]
	at org.junit.platform.engine.support.hierarchical.NodeTestTask.execute(NodeTestTask.java:90) ~[junit-platform-engine-1.8.2.jar:1.8.2]
	at java.util.ArrayList.forEach(ArrayList.java:1259) ~[na:1.8.0_371]
	at org.junit.platform.engine.support.hierarchical.SameThreadHierarchicalTestExecutorService.invokeAll(SameThreadHierarchicalTestExecutorService.java:41) ~[junit-platform-engine-1.8.2.jar:1.8.2]
	at org.junit.platform.engine.support.hierarchical.NodeTestTask.lambda$executeRecursively$6(NodeTestTask.java:155) ~[junit-platform-engine-1.8.2.jar:1.8.2]
	at org.junit.platform.engine.support.hierarchical.ThrowableCollector.execute(ThrowableCollector.java:73) ~[junit-platform-engine-1.8.2.jar:1.8.2]
	at org.junit.platform.engine.support.hierarchical.NodeTestTask.lambda$executeRecursively$8(NodeTestTask.java:141) ~[junit-platform-engine-1.8.2.jar:1.8.2]
	at org.junit.platform.engine.support.hierarchical.Node.around(Node.java:137) ~[junit-platform-engine-1.8.2.jar:1.8.2]
	at org.junit.platform.engine.support.hierarchical.NodeTestTask.lambda$executeRecursively$9(NodeTestTask.java:139) ~[junit-platform-engine-1.8.2.jar:1.8.2]
	at org.junit.platform.engine.support.hierarchical.ThrowableCollector.execute(ThrowableCollector.java:73) ~[junit-platform-engine-1.8.2.jar:1.8.2]
	at org.junit.platform.engine.support.hierarchical.NodeTestTask.executeRecursively(NodeTestTask.java:138) ~[junit-platform-engine-1.8.2.jar:1.8.2]
	at org.junit.platform.engine.support.hierarchical.NodeTestTask.execute(NodeTestTask.java:95) ~[junit-platform-engine-1.8.2.jar:1.8.2]
	at java.util.ArrayList.forEach(ArrayList.java:1259) ~[na:1.8.0_371]
	at org.junit.platform.engine.support.hierarchical.SameThreadHierarchicalTestExecutorService.invokeAll(SameThreadHierarchicalTestExecutorService.java:41) ~[junit-platform-engine-1.8.2.jar:1.8.2]
	at org.junit.platform.engine.support.hierarchical.NodeTestTask.lambda$executeRecursively$6(NodeTestTask.java:155) ~[junit-platform-engine-1.8.2.jar:1.8.2]
	at org.junit.platform.engine.support.hierarchical.ThrowableCollector.execute(ThrowableCollector.java:73) ~[junit-platform-engine-1.8.2.jar:1.8.2]
	at org.junit.platform.engine.support.hierarchical.NodeTestTask.lambda$executeRecursively$8(NodeTestTask.java:141) ~[junit-platform-engine-1.8.2.jar:1.8.2]
	at org.junit.platform.engine.support.hierarchical.Node.around(Node.java:137) ~[junit-platform-engine-1.8.2.jar:1.8.2]
	at org.junit.platform.engine.support.hierarchical.NodeTestTask.lambda$executeRecursively$9(NodeTestTask.java:139) ~[junit-platform-engine-1.8.2.jar:1.8.2]
	at org.junit.platform.engine.support.hierarchical.ThrowableCollector.execute(ThrowableCollector.java:73) ~[junit-platform-engine-1.8.2.jar:1.8.2]
	at org.junit.platform.engine.support.hierarchical.NodeTestTask.executeRecursively(NodeTestTask.java:138) ~[junit-platform-engine-1.8.2.jar:1.8.2]
	at org.junit.platform.engine.support.hierarchical.NodeTestTask.execute(NodeTestTask.java:95) ~[junit-platform-engine-1.8.2.jar:1.8.2]
	at org.junit.platform.engine.support.hierarchical.SameThreadHierarchicalTestExecutorService.submit(SameThreadHierarchicalTestExecutorService.java:35) ~[junit-platform-engine-1.8.2.jar:1.8.2]
	at org.junit.platform.engine.support.hierarchical.HierarchicalTestExecutor.execute(HierarchicalTestExecutor.java:57) ~[junit-platform-engine-1.8.2.jar:1.8.2]
	at org.junit.platform.engine.support.hierarchical.HierarchicalTestEngine.execute(HierarchicalTestEngine.java:54) ~[junit-platform-engine-1.8.2.jar:1.8.2]
	at org.junit.platform.launcher.core.DefaultLauncher.execute(DefaultLauncher.java:220) ~[junit-platform-launcher-1.3.1.jar:1.3.1]
	at org.junit.platform.launcher.core.DefaultLauncher.lambda$execute$6(DefaultLauncher.java:188) ~[junit-platform-launcher-1.3.1.jar:1.3.1]
	at org.junit.platform.launcher.core.DefaultLauncher.withInterceptedStreams(DefaultLauncher.java:202) ~[junit-platform-launcher-1.3.1.jar:1.3.1]
	at org.junit.platform.launcher.core.DefaultLauncher.execute(DefaultLauncher.java:181) ~[junit-platform-launcher-1.3.1.jar:1.3.1]
	at org.junit.platform.launcher.core.DefaultLauncher.execute(DefaultLauncher.java:128) ~[junit-platform-launcher-1.3.1.jar:1.3.1]
	at org.apache.maven.surefire.junitplatform.JUnitPlatformProvider.invokeAllTests(JUnitPlatformProvider.java:150) ~[surefire-junit-platform-2.22.2.jar:2.22.2]
	at org.apache.maven.surefire.junitplatform.JUnitPlatformProvider.invoke(JUnitPlatformProvider.java:124) ~[surefire-junit-platform-2.22.2.jar:2.22.2]
	at org.apache.maven.surefire.booter.ForkedBooter.invokeProviderInSameClassLoader(ForkedBooter.java:384) ~[surefire-booter-2.22.2.jar:2.22.2]
	at org.apache.maven.surefire.booter.ForkedBooter.runSuitesInProcess(ForkedBooter.java:345) ~[surefire-booter-2.22.2.jar:2.22.2]
	at org.apache.maven.surefire.booter.ForkedBooter.execute(ForkedBooter.java:126) ~[surefire-booter-2.22.2.jar:2.22.2]
	at org.apache.maven.surefire.booter.ForkedBooter.main(ForkedBooter.java:418) ~[surefire-booter-2.22.2.jar:2.22.2]
Caused by: java.lang.ClassNotFoundException: org.springframework.dao.DataAccessException
	at java.net.URLClassLoader.findClass(URLClassLoader.java:387) ~[na:1.8.0_371]
	at java.lang.ClassLoader.loadClass(ClassLoader.java:418) ~[na:1.8.0_371]
	at sun.misc.Launcher$AppClassLoader.loadClass(Launcher.java:355) ~[na:1.8.0_371]
	at java.lang.ClassLoader.loadClass(ClassLoader.java:351) ~[na:1.8.0_371]
	... 123 common frames omitted

]]></system-out>
  </testcase>
</testsuite>